<?xml version="1.0" encoding="utf-8"?>
<TestRun id="dfbfc9a5-5942-4764-a093-e2aa473d8164" name="HARMEET SINGH@LAPTOP-MUQB3KS1 2025-03-28 22:54:15" runUser="LAPTOP-MUQB3KS1\HARMEET SINGH" xmlns="http://microsoft.com/schemas/VisualStudio/TeamTest/2010">
  <Times creation="2025-03-28T22:54:15.0231269+13:00" queuing="2025-03-28T22:54:15.0231271+13:00" start="2025-03-28T22:54:13.8682330+13:00" finish="2025-03-28T22:54:15.0310369+13:00" />
  <TestSettings name="default" id="aeae0ebc-6a2c-436c-88b1-fb4832b45abf">
    <Deployment runDeploymentRoot="HARMEET_SINGH_LAPTOP-MUQB3KS1_2025-03-28_22_54_15" />
  </TestSettings>
  <Results>
    <UnitTestResult executionId="80bfd355-3134-4a1f-8ee0-15cd20177b36" testId="fc0b8045-89db-8126-b948-6b063c6acd15" testName="xTests.PersonControllerTests+PersonModelTests.Person_Name_IsRequired" computerName="LAPTOP-MUQB3KS1" duration="00:00:00.0051616" startTime="2025-03-28T22:54:14.4815100+13:00" endTime="2025-03-28T22:54:14.4815102+13:00" testType="13cdc9d9-ddb5-4fa4-a97d-d965ccfc6d4b" outcome="Passed" testListId="8c84fa94-04c1-424b-9868-57a2d4851a1d" relativeResultsDirectory="80bfd355-3134-4a1f-8ee0-15cd20177b36" />
    <UnitTestResult executionId="a2a0d69c-e3ff-4aaa-9ce4-27c81d4d45cb" testId="dd2e1755-40de-ff6c-cd34-50a0e9b8ea16" testName="xTests.PersonControllerTests+ErrorViewModelTests.ErrorViewModel_Has_RequestId" computerName="LAPTOP-MUQB3KS1" duration="00:00:00.0005092" startTime="2025-03-28T22:54:14.4828364+13:00" endTime="2025-03-28T22:54:14.4828364+13:00" testType="13cdc9d9-ddb5-4fa4-a97d-d965ccfc6d4b" outcome="Passed" testListId="8c84fa94-04c1-424b-9868-57a2d4851a1d" relativeResultsDirectory="a2a0d69c-e3ff-4aaa-9ce4-27c81d4d45cb" />
    <UnitTestResult executionId="50b349bd-2a38-436b-9115-380906acf063" testId="27b66e12-1ed0-6735-9b63-e7ecbe8d2143" testName="xTests.PersonControllerTests+HomeControllerTests.Index_ReturnsViewResult" computerName="LAPTOP-MUQB3KS1" duration="00:00:00.0165018" startTime="2025-03-28T22:54:14.4882881+13:00" endTime="2025-03-28T22:54:14.4882888+13:00" testType="13cdc9d9-ddb5-4fa4-a97d-d965ccfc6d4b" outcome="Passed" testListId="8c84fa94-04c1-424b-9868-57a2d4851a1d" relativeResultsDirectory="50b349bd-2a38-436b-9115-380906acf063" />
    <UnitTestResult executionId="228748c8-b3b6-487d-bcda-cac7afe0975e" testId="9683d970-10b4-2e23-bf01-2ba2487273e4" testName="xTests.PersonControllerTests+ErrorViewModelTests.ShowRequestId_ReturnsTrue_When_RequestId_IsNotNull" computerName="LAPTOP-MUQB3KS1" duration="00:00:00.0035686" startTime="2025-03-28T22:54:14.4788837+13:00" endTime="2025-03-28T22:54:14.4789043+13:00" testType="13cdc9d9-ddb5-4fa4-a97d-d965ccfc6d4b" outcome="Passed" testListId="8c84fa94-04c1-424b-9868-57a2d4851a1d" relativeResultsDirectory="228748c8-b3b6-487d-bcda-cac7afe0975e" />
    <UnitTestResult executionId="c154717f-19de-41df-b7c6-5416fe7fa9f1" testId="2cc159a9-0095-175b-7248-9cd559466fd9" testName="xTests.PersonControllerTests.Index_ReturnsViewWithPeopleList" computerName="LAPTOP-MUQB3KS1" duration="00:00:00.4487552" startTime="2025-03-28T22:54:14.9172994+13:00" endTime="2025-03-28T22:54:14.9172997+13:00" testType="13cdc9d9-ddb5-4fa4-a97d-d965ccfc6d4b" outcome="Passed" testListId="8c84fa94-04c1-424b-9868-57a2d4851a1d" relativeResultsDirectory="c154717f-19de-41df-b7c6-5416fe7fa9f1" />
  </Results>
  <TestDefinitions>
    <UnitTest name="xTests.PersonControllerTests+ErrorViewModelTests.ShowRequestId_ReturnsTrue_When_RequestId_IsNotNull" storage="d:\dockerdemo\xtests\bin\debug\net8.0\xtests.dll" id="9683d970-10b4-2e23-bf01-2ba2487273e4">
      <Execution id="228748c8-b3b6-487d-bcda-cac7afe0975e" />
      <TestMethod codeBase="D:\DockerDemo\xTests\bin\Debug\net8.0\xTests.dll" adapterTypeName="executor://xunit/VsTestRunner2/netcoreapp" className="xTests.PersonControllerTests+ErrorViewModelTests" name="ShowRequestId_ReturnsTrue_When_RequestId_IsNotNull" />
    </UnitTest>
    <UnitTest name="xTests.PersonControllerTests+ErrorViewModelTests.ErrorViewModel_Has_RequestId" storage="d:\dockerdemo\xtests\bin\debug\net8.0\xtests.dll" id="dd2e1755-40de-ff6c-cd34-50a0e9b8ea16">
      <Execution id="a2a0d69c-e3ff-4aaa-9ce4-27c81d4d45cb" />
      <TestMethod codeBase="D:\DockerDemo\xTests\bin\Debug\net8.0\xTests.dll" adapterTypeName="executor://xunit/VsTestRunner2/netcoreapp" className="xTests.PersonControllerTests+ErrorViewModelTests" name="ErrorViewModel_Has_RequestId" />
    </UnitTest>
    <UnitTest name="xTests.PersonControllerTests+PersonModelTests.Person_Name_IsRequired" storage="d:\dockerdemo\xtests\bin\debug\net8.0\xtests.dll" id="fc0b8045-89db-8126-b948-6b063c6acd15">
      <Execution id="80bfd355-3134-4a1f-8ee0-15cd20177b36" />
      <TestMethod codeBase="D:\DockerDemo\xTests\bin\Debug\net8.0\xTests.dll" adapterTypeName="executor://xunit/VsTestRunner2/netcoreapp" className="xTests.PersonControllerTests+PersonModelTests" name="Person_Name_IsRequired" />
    </UnitTest>
    <UnitTest name="xTests.PersonControllerTests+HomeControllerTests.Index_ReturnsViewResult" storage="d:\dockerdemo\xtests\bin\debug\net8.0\xtests.dll" id="27b66e12-1ed0-6735-9b63-e7ecbe8d2143">
      <Execution id="50b349bd-2a38-436b-9115-380906acf063" />
      <TestMethod codeBase="D:\DockerDemo\xTests\bin\Debug\net8.0\xTests.dll" adapterTypeName="executor://xunit/VsTestRunner2/netcoreapp" className="xTests.PersonControllerTests+HomeControllerTests" name="Index_ReturnsViewResult" />
    </UnitTest>
    <UnitTest name="xTests.PersonControllerTests.Index_ReturnsViewWithPeopleList" storage="d:\dockerdemo\xtests\bin\debug\net8.0\xtests.dll" id="2cc159a9-0095-175b-7248-9cd559466fd9">
      <Execution id="c154717f-19de-41df-b7c6-5416fe7fa9f1" />
      <TestMethod codeBase="D:\DockerDemo\xTests\bin\Debug\net8.0\xTests.dll" adapterTypeName="executor://xunit/VsTestRunner2/netcoreapp" className="xTests.PersonControllerTests" name="Index_ReturnsViewWithPeopleList" />
    </UnitTest>
  </TestDefinitions>
  <TestEntries>
    <TestEntry testId="fc0b8045-89db-8126-b948-6b063c6acd15" executionId="80bfd355-3134-4a1f-8ee0-15cd20177b36" testListId="8c84fa94-04c1-424b-9868-57a2d4851a1d" />
    <TestEntry testId="dd2e1755-40de-ff6c-cd34-50a0e9b8ea16" executionId="a2a0d69c-e3ff-4aaa-9ce4-27c81d4d45cb" testListId="8c84fa94-04c1-424b-9868-57a2d4851a1d" />
    <TestEntry testId="27b66e12-1ed0-6735-9b63-e7ecbe8d2143" executionId="50b349bd-2a38-436b-9115-380906acf063" testListId="8c84fa94-04c1-424b-9868-57a2d4851a1d" />
    <TestEntry testId="9683d970-10b4-2e23-bf01-2ba2487273e4" executionId="228748c8-b3b6-487d-bcda-cac7afe0975e" testListId="8c84fa94-04c1-424b-9868-57a2d4851a1d" />
    <TestEntry testId="2cc159a9-0095-175b-7248-9cd559466fd9" executionId="c154717f-19de-41df-b7c6-5416fe7fa9f1" testListId="8c84fa94-04c1-424b-9868-57a2d4851a1d" />
  </TestEntries>
  <TestLists>
    <TestList name="Results Not in a List" id="8c84fa94-04c1-424b-9868-57a2d4851a1d" />
    <TestList name="All Loaded Results" id="19431567-8539-422a-85d7-44ee4e166bda" />
  </TestLists>
  <ResultSummary outcome="Completed">
    <Counters total="5" executed="5" passed="5" failed="0" error="0" timeout="0" aborted="0" inconclusive="0" passedButRunAborted="0" notRunnable="0" notExecuted="0" disconnected="0" warning="0" completed="0" inProgress="0" pending="0" />
    <Output>
      <StdOut>[xUnit.net 00:00:00.00] xUnit.net VSTest Adapter v2.5.3.1+6b60a9e56a (64-bit .NET 8.0.6)&#xD;
[xUnit.net 00:00:00.07]   Discovering: xTests&#xD;
[xUnit.net 00:00:00.11]   Discovered:  xTests&#xD;
[xUnit.net 00:00:00.11]   Starting:    xTests&#xD;
[xUnit.net 00:00:00.60]   Finished:    xTests&#xD;
</StdOut>
    </Output>
  </ResultSummary>
</TestRun>